<?xml version="1.0" encoding="UTF-8"?>
<!-- Generated by org.testng.reporters.JUnitReportReporter -->
<testsuite hostname="feosnotebook" failures="0" tests="4" name="day1.HTTPRequests" time="3.140" errors="0" timestamp="2025-04-08T12:17:42 EDT" skipped="0">
  <testcase classname="day1.HTTPRequests" name="getUsers" time="2.003"/>
  <testcase classname="day1.HTTPRequests" name="createUser" time="0.559"/>
  <testcase classname="day1.HTTPRequests" name="updateUser" time="0.300"/>
  <testcase classname="day1.HTTPRequests" name="deleteUser" time="0.278"/>
</testsuite> <!-- day1.HTTPRequests -->
